C:\Users\sioma\Downloads\Bartolome_DWG_1.dwg,Model,20/10/2022 10:04:21 am,sioma,DWG To PDF.pc3,ISO A4 (210.00 x 297.00 MM),1:1.231,
C:\Users\sioma\Downloads\Bartolome_DWG_1.dwg,Model,20/10/2022 10:05:23 am,sioma,DWG To PDF.pc3,ISO A4 (297.00 x 210.00 MM),1:1.39886,
C:\Users\sioma\Downloads\Bartolome_DWG_1.dwg,Model,20/10/2022 10:06:22 am,sioma,DWG To PDF.pc3,ISO A4 (297.00 x 210.00 MM),1:0.904545,
C:\Users\sioma\Downloads\Bartolome_DWG_1.dwg,Model,20/10/2022 10:07:35 am,sioma,DWG To PDF.pc3,ISO A4 (297.00 x 210.00 MM),1:1.39886,
C:\Users\sioma\Downloads\Bartolome_DWG_1.dwg,Model,20/10/2022 10:09:03 am,sioma,DWG To PDF.pc3,ISO A4 (297.00 x 210.00 MM),1:1.19318,
C:\Users\sioma\Downloads\Bartolome_DWG_1.dwg,Model,20/10/2022 10:15:43 am,sioma,DWG To PDF.pc3,ISO A4 (297.00 x 210.00 MM),1:0.904545,
C:\Users\sioma\Downloads\Bartolome_DWG_1.dwg,Model,20/10/2022 10:20:11 am,sioma,DWG To PDF.pc3,ISO A4 (297.00 x 210.00 MM),1:0.904545,
C:\Users\sioma\Downloads\Bartolome_DWG_1.dwg,Model,20/10/2022 10:20:57 am,sioma,DWG To PDF.pc3,ISO A4 (297.00 x 210.00 MM),1:0.904545,
C:\Users\sioma\Downloads\Bartolome_DWG_1.dwg,Model,20/10/2022 10:22:48 am,sioma,DWG To PDF.pc3,ISO A4 (297.00 x 210.00 MM),1:0.904545,
C:\Users\sioma\Downloads\Bartolome_DWG_1.dwg,Model,20/10/2022 10:23:58 am,sioma,DWG To PDF.pc3,ISO A4 (297.00 x 210.00 MM),1:0.904545,
C:\Users\sioma\Downloads\Bartolome_DWG_1.dwg,Model,20/10/2022 10:25:02 am,sioma,DWG To PDF.pc3,ISO A4 (297.00 x 210.00 MM),1:0.904545,
C:\Users\sioma\Downloads\Bartolome_DWG_1.dwg,Model,20/10/2022 10:27:05 am,sioma,DWG To PDF.pc3,ISO A4 (297.00 x 210.00 MM),1:0.904545,
C:\Users\sioma\Downloads\Bartolome_DWG_1.dwg,Model,20/10/2022 10:28:12 am,sioma,DWG To PDF.pc3,ISO A4 (297.00 x 210.00 MM),1:0.904545,
C:\Users\sioma\Downloads\Bartolome_DWG_1.dwg,Model,20/10/2022 10:29:58 am,sioma,DWG To PDF.pc3,ISO A4 (297.00 x 210.00 MM),1:0.904545,
C:\Users\sioma\Downloads\DRAW1_BARTOLOME_ALLUNITS.dwg,Model,26/10/2022 12:41:21 am,sioma,DWG To PDF.pc3,ISO A4 (297.00 x 210.00 MM),1:0.904545,
C:\Users\sioma\Downloads\DRAW1_BARTOLOME_ALLUNITS.dwg,Model,26/10/2022 12:42:12 am,sioma,DWG To PDF.pc3,ISO A4 (297.00 x 210.00 MM),1:0.904545,
C:\Users\sioma\Downloads\DRAW1_BARTOLOME_ALLUNITS.dwg,Model,26/10/2022 12:43:34 am,sioma,DWG To PDF.pc3,ISO A4 (297.00 x 210.00 MM),1:0.904545,
C:\Users\sioma\Downloads\DRAW1_BARTOLOME_ALLUNITS.dwg,Model,26/10/2022 12:44:14 am,sioma,DWG To PDF.pc3,ISO A4 (297.00 x 210.00 MM),1:0.904545,
C:\Users\sioma\Downloads\DRAW1_BARTOLOME_ALLUNITS.dwg,Model,26/10/2022 12:45:46 am,sioma,DWG To PDF.pc3,ISO A4 (297.00 x 210.00 MM),1:0.904545,
C:\Users\sioma\Downloads\DRAW1_BARTOLOME_ALLUNITS.dwg,Model,26/10/2022 12:58:54 am,sioma,DWG To PDF.pc3,ISO A4 (297.00 x 210.00 MM),1:0.904545,
C:\Users\sioma\Downloads\DRAW1_BARTOLOME_ALLUNITS.dwg,Model,26/10/2022 1:00:10 am,sioma,DWG To PDF.pc3,ISO A4 (297.00 x 210.00 MM),1:0.904545,
C:\Users\sioma\OneDrive\Documents\Drawing1.dwg,Model,08/11/2022 5:38:21 pm,sioma,DWG To PDF.pc3,ISO A4 (297.00 x 210.00 MM),1:1.55783,
C:\Users\sioma\OneDrive\Documents\MOTHERBOARD EME.dwg,Model,09/11/2022 12:02:21 am,sioma,DWG To PDF.pc3,ISO A4 (297.00 x 210.00 MM),1:6.2308,
C:\Users\sioma\Downloads\DRAW1_BARTOLOME_ALLUNITS.dwg,Model,09/11/2022 12:12:50 am,sioma,DWG To PDF.pc3,ISO A4 (297.00 x 210.00 MM),1:0.904545,
C:\Users\sioma\Downloads\DRAW1_BARTOLOME_ALLUNITS.dwg,Model,09/11/2022 12:21:58 am,sioma,DWG To PDF.pc3,ISO A4 (297.00 x 210.00 MM),1:0.904545,
C:\Users\sioma\Downloads\DRAW1_BARTOLOME_ALLUNITS.dwg,Model,09/11/2022 12:26:50 am,sioma,DWG To PDF.pc3,ISO A4 (297.00 x 210.00 MM),1:0.904545,
C:\Users\sioma\OneDrive\Documents\Drawing1.dwg,Model,13/11/2022 12:35:28 am,sioma,DWG To PDF.pc3,ISO A4 (297.00 x 210.00 MM),1:1.69361,
C:\Users\sioma\Downloads\DRAW1_BARTOLOME_ALLUNITS.dwg,Model,15/11/2022 7:31:22 pm,sioma,DWG To PDF.pc3,ISO A4 (297.00 x 210.00 MM),1:0.904545,
C:\Users\sioma\Downloads\DRAW1_BARTOLOME_ALLUNITS.dwg,Model,19/11/2022 11:20:39 pm,sioma,DWG To PDF.pc3,ISO A4 (297.00 x 210.00 MM),1:0.904545,
C:\Users\sioma\Downloads\DRAW1_BARTOLOME_ALLUNITS.dwg,Model,19/11/2022 11:21:19 pm,sioma,DWG To PDF.pc3,ISO A4 (297.00 x 210.00 MM),1:0.904545,
C:\Users\sioma\Downloads\DRAW1_BARTOLOME_ALLUNITS.dwg,Model,19/11/2022 11:21:58 pm,sioma,DWG To PDF.pc3,ISO A4 (297.00 x 210.00 MM),1:0.904545,
C:\Users\sioma\Downloads\DRAW1_BARTOLOME_ALLUNITS.dwg,Model,19/11/2022 11:22:32 pm,sioma,DWG To PDF.pc3,ISO A4 (297.00 x 210.00 MM),1:0.904545,
C:\Users\sioma\Downloads\DRAW1_BARTOLOME_ALLUNITS.dwg,Model,19/11/2022 11:25:04 pm,sioma,DWG To PDF.pc3,ISO A4 (297.00 x 210.00 MM),1:0.904545,
C:\Users\sioma\Downloads\DRAW1_BARTOLOME_ALLUNITS.dwg,Model,19/11/2022 11:29:58 pm,sioma,DWG To PDF.pc3,ISO A4 (297.00 x 210.00 MM),1:0.904545,
C:\Users\sioma\Downloads\DRAW1_BARTOLOME_ALLUNITS.dwg,Model,19/11/2022 11:34:45 pm,sioma,DWG To PDF.pc3,ISO A4 (297.00 x 210.00 MM),1:0.054625,
C:\Users\sioma\Downloads\DRAW1_BARTOLOME_ALLUNITS.dwg,Model,19/11/2022 11:35:42 pm,sioma,DWG To PDF.pc3,ISO A4 (297.00 x 210.00 MM),1:0.0713602,
C:\Users\sioma\Downloads\DRAW1_BARTOLOME_ALLUNITS.dwg,Model,19/11/2022 11:37:25 pm,sioma,DWG To PDF.pc3,ISO A4 (297.00 x 210.00 MM),1:0.904545,
C:\Users\sioma\Downloads\DRAW1_BARTOLOME_ALLUNITS.dwg,Model,19/11/2022 11:38:02 pm,sioma,DWG To PDF.pc3,ISO A4 (297.00 x 210.00 MM),1:0.904545,
C:\Users\sioma\Downloads\DRAW1_BARTOLOME_ALLUNITS.dwg,Model,19/11/2022 11:38:29 pm,sioma,DWG To PDF.pc3,ISO A4 (297.00 x 210.00 MM),1:0.904545,
